resolving dependencies...
looking for conflicting packages...

Package (1)                       New Version     Net Change  Download Size

cachyos/pokemon-colorscripts-git  r112.0483c85-1   42.39 MiB       2.78 MiB

Total Download Size:    2.78 MiB
Total Installed Size:  42.39 MiB

:: Proceed with installation? [Y/n] 
:: Retrieving packages...
 pokemon-colorscripts-git-r112.0483c85-1-any downloading...
checking keyring...
checking package integrity...
loading package files...
checking for file conflicts...
checking available disk space...
:: Running pre-transaction hooks...
(1/1) Performing snapper pre snapshots for the following configurations...
==> root: 142
:: Processing package changes...
installing pokemon-colorscripts-git...
:: Running post-transaction hooks...
(1/2) Arming ConditionNeedsUpdate...
(2/2) Performing snapper post snapshots for the following configurations...
==> root: 143
