resolving dependencies...
looking for conflicting packages...

Package (1)           New Version  Net Change  Download Size

cachyos-extra-v3/lsd  1.2.0-1.1      3.37 MiB       1.27 MiB

Total Download Size:   1.27 MiB
Total Installed Size:  3.37 MiB

:: Proceed with installation? [Y/n] 
:: Retrieving packages...
 lsd-1.2.0-1.1-x86_64_v3 downloading...
checking keyring...
checking package integrity...
loading package files...
checking for file conflicts...
checking available disk space...
:: Running pre-transaction hooks...
(1/1) Performing snapper pre snapshots for the following configurations...
==> root: 138
:: Processing package changes...
installing lsd...
Optional dependencies for lsd
    nerd-fonts
    awesome-terminal-fonts [installed]
:: Running post-transaction hooks...
(1/2) Arming ConditionNeedsUpdate...
(2/2) Performing snapper post snapshots for the following configurations...
==> root: 139
resolving dependencies...
looking for conflicting packages...

Package (1)                 New Version  Net Change  Download Size

cachyos-extra-v3/mercurial  7.1.2-1.1     34.42 MiB       6.15 MiB

Total Download Size:    6.15 MiB
Total Installed Size:  34.42 MiB

:: Proceed with installation? [Y/n] 
:: Retrieving packages...
 mercurial-7.1.2-1.1-x86_64_v3 downloading...
checking keyring...
checking package integrity...
loading package files...
checking for file conflicts...
checking available disk space...
:: Running pre-transaction hooks...
(1/1) Performing snapper pre snapshots for the following configurations...
==> root: 140
:: Processing package changes...
installing mercurial...
Optional dependencies for mercurial
    tk: for the hgk GUI
:: Running post-transaction hooks...
(1/2) Arming ConditionNeedsUpdate...
(2/2) Performing snapper post snapshots for the following configurations...
==> root: 141
[34m[INFO](B[m Shell changed successfully to [35mzsh(B[m