resolving dependencies...
looking for conflicting packages...

Package (1)                              New Version  Net Change  Download Size

cachyos-extra-v3/xdg-desktop-portal-gtk  1.15.3-1.1     0.43 MiB       0.11 MiB

Total Download Size:   0.11 MiB
Total Installed Size:  0.43 MiB

:: Proceed with installation? [Y/n] 
:: Retrieving packages...
 xdg-desktop-portal-gtk-1.15.3-1.1-x86_64_v3 downloading...
checking keyring...
checking package integrity...
loading package files...
checking for file conflicts...
checking available disk space...
:: Running pre-transaction hooks...
(1/1) Performing snapper pre snapshots for the following configurations...
==> root: 134
:: Processing package changes...
installing xdg-desktop-portal-gtk...
Optional dependencies for xdg-desktop-portal-gtk
    evince: Print preview
:: Running post-transaction hooks...
(1/4) Reloading user manager configuration...
(2/4) Arming ConditionNeedsUpdate...
(3/4) Updating the desktop file MIME type cache...
(4/4) Performing snapper post snapshots for the following configurations...
==> root: 135
resolving dependencies...
looking for conflicting packages...

Package (1)                New Version  Net Change  Download Size

cachyos-extra-v3/umockdev  0.19.1-1.1     0.66 MiB       0.15 MiB

Total Download Size:   0.15 MiB
Total Installed Size:  0.66 MiB

:: Proceed with installation? [Y/n] 
:: Retrieving packages...
 umockdev-0.19.1-1.1-x86_64_v3 downloading...
checking keyring...
checking package integrity...
loading package files...
checking for file conflicts...
checking available disk space...
:: Running pre-transaction hooks...
(1/1) Performing snapper pre snapshots for the following configurations...
==> root: 136
:: Processing package changes...
installing umockdev...
:: Running post-transaction hooks...
(1/2) Arming ConditionNeedsUpdate...
(2/2) Performing snapper post snapshots for the following configurations...
==> root: 137
