[34m[INFO](B[m Package aylurs-gtk-shell not installed, skipping.
[34m[INFO](B[m Package dunst not installed, skipping.
[34m[INFO](B[m Package cachyos-hyprland-settings not installed, skipping.
[34m[INFO](B[m Package mako not installed, skipping.
[33m[NOTE](B[m removing rofi ...
checking dependencies...
:: uwsm optionally requires rofi-wayland: optional picker for uuctl support

Package (1)  Old Version  Net Change

rofi         2.0.0-1.1     -1.15 MiB

Total Removed Size:  1.15 MiB

:: Do you want to remove these packages? [Y/n] 
:: Running pre-transaction hooks...
(1/1) Performing snapper pre snapshots for the following configurations...
==> root: 172
:: Processing package changes...
removing rofi...
:: Running post-transaction hooks...
(1/4) Arming ConditionNeedsUpdate...
(2/4) Updating icon theme caches...
(3/4) Updating the desktop file MIME type cache...
(4/4) Performing snapper post snapshots for the following configurations...
==> root: 173
checking dependencies...
:: uwsm optionally requires rofi-wayland: optional picker for uuctl support

Package (1)  Old Version  Net Change

rofi         2.0.0-1.1     -1.15 MiB

Total Removed Size:  1.15 MiB

:: Do you want to remove these packages? [Y/n] 
:: Running pre-transaction hooks...
(1/1) Performing snapper pre snapshots for the following configurations...
==> root: 172
:: Processing package changes...
removing rofi...
:: Running post-transaction hooks...
(1/4) Arming ConditionNeedsUpdate...
(2/4) Updating icon theme caches...
(3/4) Updating the desktop file MIME type cache...
(4/4) Performing snapper post snapshots for the following configurations...
==> root: 173
[1A[K[32m[OK](B[m rofi removed.
[34m[INFO](B[m Package wallust-git not installed, skipping.
[34m[INFO](B[m Package rofi-lbonn-wayland not installed, skipping.
[34m[INFO](B[m Package rofi-lbonn-wayland-git not installed, skipping.
resolving dependencies...
looking for conflicting packages...

Package (1)            New Version  Net Change

cachyos-extra-v3/rofi  2.0.0-1.1      1.15 MiB

Total Installed Size:  1.15 MiB

:: Proceed with installation? [Y/n] 
checking keyring...
checking package integrity...
loading package files...
checking for file conflicts...
checking available disk space...
:: Running pre-transaction hooks...
(1/1) Performing snapper pre snapshots for the following configurations...
==> root: 174
:: Processing package changes...
installing rofi...
:: Running post-transaction hooks...
(1/4) Arming ConditionNeedsUpdate...
(2/4) Updating icon theme caches...
(3/4) Updating the desktop file MIME type cache...
(4/4) Performing snapper post snapshots for the following configurations...
==> root: 175
