resolving dependencies...
looking for conflicting packages...

Package (1)                New Version  Net Change  Download Size

cachyos-extra-v3/hypridle  0.1.7-6.1      0.26 MiB       0.11 MiB

Total Download Size:   0.11 MiB
Total Installed Size:  0.26 MiB

:: Proceed with installation? [Y/n] 
:: Retrieving packages...
 hypridle-0.1.7-6.1-x86_64_v3 downloading...
checking keyring...
checking package integrity...
loading package files...
checking for file conflicts...
checking available disk space...
:: Running pre-transaction hooks...
(1/1) Performing snapper pre snapshots for the following configurations...
==> root: 108
:: Processing package changes...
installing hypridle...
:: Running post-transaction hooks...
(1/3) Reloading user manager configuration...
(2/3) Arming ConditionNeedsUpdate...
(3/3) Performing snapper post snapshots for the following configurations...
==> root: 109
resolving dependencies...
looking for conflicting packages...

Package (1)                New Version  Net Change  Download Size

cachyos-extra-v3/hyprlock  0.9.2-8.1      0.83 MiB       0.31 MiB

Total Download Size:   0.31 MiB
Total Installed Size:  0.83 MiB

:: Proceed with installation? [Y/n] 
:: Retrieving packages...
 hyprlock-0.9.2-8.1-x86_64_v3 downloading...
checking keyring...
checking package integrity...
loading package files...
checking for file conflicts...
checking available disk space...
:: Running pre-transaction hooks...
(1/1) Performing snapper pre snapshots for the following configurations...
==> root: 110
:: Processing package changes...
installing hyprlock...
:: Running post-transaction hooks...
(1/2) Arming ConditionNeedsUpdate...
(2/2) Performing snapper post snapshots for the following configurations...
==> root: 111
