resolving dependencies...
looking for conflicting packages...

Package (2)                   New Version  Net Change  Download Size

cachyos-extra-v3/qt6-wayland  6.10.1-1.1     4.74 MiB       0.75 MiB
cachyos-extra-v3/quickshell   0.2.1-4.1      4.55 MiB       1.25 MiB

Total Download Size:   2.00 MiB
Total Installed Size:  9.29 MiB

:: Proceed with installation? [Y/n] 
:: Retrieving packages...
 quickshell-0.2.1-4.1-x86_64_v3 downloading...
 qt6-wayland-6.10.1-1.1-x86_64_v3 downloading...
checking keyring...
checking package integrity...
loading package files...
checking for file conflicts...
checking available disk space...
:: Running pre-transaction hooks...
(1/1) Performing snapper pre snapshots for the following configurations...
==> root: 132
:: Processing package changes...
installing qt6-wayland...
installing quickshell...
:: Running post-transaction hooks...
(1/4) Arming ConditionNeedsUpdate...
(2/4) Updating icon theme caches...
(3/4) Updating the desktop file MIME type cache...
(4/4) Performing snapper post snapshots for the following configurations...
==> root: 133
