[34m[INFO](B[m Package aylurs-gtk-shell not installed, skipping.
[34m[INFO](B[m Package dunst not installed, skipping.
[34m[INFO](B[m Package cachyos-hyprland-settings not installed, skipping.
[34m[INFO](B[m Package mako not installed, skipping.
[34m[INFO](B[m Package rofi not installed, skipping.
[34m[INFO](B[m Package wallust-git not installed, skipping.
[34m[INFO](B[m Package rofi-lbonn-wayland not installed, skipping.
[34m[INFO](B[m Package rofi-lbonn-wayland-git not installed, skipping.
resolving dependencies...
looking for conflicting packages...

Package (1)          New Version  Net Change  Download Size

cachyos-extra-v3/bc  1.08.2-1.1     0.21 MiB       0.11 MiB

Total Download Size:   0.11 MiB
Total Installed Size:  0.21 MiB

:: Proceed with installation? [Y/n] 
:: Retrieving packages...
 bc-1.08.2-1.1-x86_64_v3 downloading...
checking keyring...
checking package integrity...
loading package files...
checking for file conflicts...
checking available disk space...
:: Running pre-transaction hooks...
(1/1) Performing snapper pre snapshots for the following configurations...
==> root: 22
:: Processing package changes...
installing bc...
:: Running post-transaction hooks...
(1/3) Arming ConditionNeedsUpdate...
(2/3) Updating the info directory file...
(3/3) Performing snapper post snapshots for the following configurations...
==> root: 23
resolving dependencies...
looking for conflicting packages...

Package (1)                New Version  Net Change  Download Size

cachyos-extra-v3/cliphist  1:0.7.0-1.1    2.31 MiB       0.87 MiB

Total Download Size:   0.87 MiB
Total Installed Size:  2.31 MiB

:: Proceed with installation? [Y/n] 
:: Retrieving packages...
 cliphist-1:0.7.0-1.1-x86_64_v3 downloading...
checking keyring...
checking package integrity...
loading package files...
checking for file conflicts...
checking available disk space...
:: Running pre-transaction hooks...
(1/1) Performing snapper pre snapshots for the following configurations...
==> root: 24
:: Processing package changes...
installing cliphist...
Optional dependencies for cliphist
    xdg-utils: image and mime inferance [installed]
:: Running post-transaction hooks...
(1/2) Arming ConditionNeedsUpdate...
(2/2) Performing snapper post snapshots for the following configurations...
==> root: 25
resolving dependencies...
looking for conflicting packages...

Package (1)            New Version  Net Change  Download Size

cachyos-extra-v3/grim  1.5.0-2.1      0.04 MiB       0.02 MiB

Total Download Size:   0.02 MiB
Total Installed Size:  0.04 MiB

:: Proceed with installation? [Y/n] 
:: Retrieving packages...
 grim-1.5.0-2.1-x86_64_v3 downloading...
checking keyring...
checking package integrity...
loading package files...
checking for file conflicts...
checking available disk space...
:: Running pre-transaction hooks...
(1/1) Performing snapper pre snapshots for the following configurations...
==> root: 26
:: Processing package changes...
installing grim...
:: Running post-transaction hooks...
(1/2) Arming ConditionNeedsUpdate...
(2/2) Performing snapper post snapshots for the following configurations...
==> root: 27
resolving dependencies...
looking for conflicting packages...

Package (2)                        New Version     Net Change  Download Size

cachyos-extra-v3/libcdio-paranoia  10.2+2.0.2-1.2    0.17 MiB       0.07 MiB
extra/gvfs                         1.58.0-2          5.10 MiB       0.93 MiB

Total Download Size:   1.00 MiB
Total Installed Size:  5.27 MiB

:: Proceed with installation? [Y/n] 
:: Retrieving packages...
 gvfs-1.58.0-2-x86_64 downloading...
 libcdio-paranoia-10.2+2.0.2-1.2-x86_64 downloading...
checking keyring...
checking package integrity...
loading package files...
checking for file conflicts...
checking available disk space...
:: Running pre-transaction hooks...
(1/1) Performing snapper pre snapshots for the following configurations...
==> root: 28
:: Processing package changes...
installing libcdio-paranoia...
installing gvfs...
Optional dependencies for gvfs
    gvfs-afc: AFC support (Apple mobile devices)
    gvfs-dnssd: DNS-SD and WebDAV support (macOS file sharing)
    gvfs-goa: Gnome Online Accounts support (e.g. OwnCloud)
    gvfs-google: Google Drive support
    gvfs-gphoto2: gphoto2 support (PTP camera, MTP media player)
    gvfs-mtp: MTP support (Android, media player)
    gvfs-nfs: NFS support
    gvfs-onedrive: Microsoft OneDrive support
    gvfs-smb: SMB/CIFS support (Windows file sharing)
    gvfs-wsdd: Web Services Dynamic Discovery support (Windows discovery)
:: Running post-transaction hooks...
(1/7) Creating temporary files...
/usr/lib/tmpfiles.d/systemd.conf:35: Duplicate line for path "/var/lib/systemd/coredump", ignoring.
(2/7) Reloading user manager configuration...
(3/7) Arming ConditionNeedsUpdate...
(4/7) Updating GIO module cache...
(5/7) Compiling GSettings XML schema files...
(6/7) Reloading GVFS config...
(7/7) Performing snapper post snapshots for the following configurations...
==> root: 29
resolving dependencies...
looking for conflicting packages...

Package (1)     New Version  Net Change  Download Size

extra/gvfs-mtp  1.58.0-2       0.15 MiB       0.05 MiB

Total Download Size:   0.05 MiB
Total Installed Size:  0.15 MiB

:: Proceed with installation? [Y/n] 
:: Retrieving packages...
 gvfs-mtp-1.58.0-2-x86_64 downloading...
checking keyring...
checking package integrity...
loading package files...
checking for file conflicts...
checking available disk space...
:: Running pre-transaction hooks...
(1/1) Performing snapper pre snapshots for the following configurations...
==> root: 30
:: Processing package changes...
installing gvfs-mtp...
:: Running post-transaction hooks...
(1/4) Reloading user manager configuration...
(2/4) Arming ConditionNeedsUpdate...
(3/4) Reloading GVFS config...
(4/4) Performing snapper post snapshots for the following configurations...
==> root: 31
resolving dependencies...
looking for conflicting packages...

Package (2)                           New Version  Net Change  Download Size

cachyos-extra-v3/hyprland-qt-support  0.1.0-10.1     0.45 MiB       0.09 MiB
cachyos-extra-v3/hyprpolkitagent      0.1.3-4.1      0.20 MiB       0.08 MiB

Total Download Size:   0.17 MiB
Total Installed Size:  0.65 MiB

:: Proceed with installation? [Y/n] 
:: Retrieving packages...
 hyprland-qt-support-0.1.0-10.1-x86_64_v3 downloading...
 hyprpolkitagent-0.1.3-4.1-x86_64_v3 downloading...
checking keyring...
checking package integrity...
loading package files...
checking for file conflicts...
checking available disk space...
:: Running pre-transaction hooks...
(1/1) Performing snapper pre snapshots for the following configurations...
==> root: 32
:: Processing package changes...
installing hyprland-qt-support...
installing hyprpolkitagent...
:: Running post-transaction hooks...
(1/3) Reloading user manager configuration...
(2/3) Arming ConditionNeedsUpdate...
(3/3) Performing snapper post snapshots for the following configurations...
==> root: 33
resolving dependencies...
looking for conflicting packages...

Package (1)               New Version  Net Change  Download Size

cachyos-extra-v3/kvantum  1.1.5-1.1      8.29 MiB       1.12 MiB

Total Download Size:   1.12 MiB
Total Installed Size:  8.29 MiB

:: Proceed with installation? [Y/n] 
:: Retrieving packages...
 kvantum-1.1.5-1.1-x86_64_v3 downloading...
checking keyring...
checking package integrity...
loading package files...
checking for file conflicts...
checking available disk space...
:: Running pre-transaction hooks...
(1/1) Performing snapper pre snapshots for the following configurations...
==> root: 34
:: Processing package changes...
installing kvantum...
Optional dependencies for kvantum
    kvantum-qt5: Qt5 style
:: Running post-transaction hooks...
(1/4) Arming ConditionNeedsUpdate...
(2/4) Updating icon theme caches...
(3/4) Updating the desktop file MIME type cache...
(4/4) Performing snapper post snapshots for the following configurations...
==> root: 35
resolving dependencies...
looking for conflicting packages...

Package (1)               New Version  Net Change  Download Size

cachyos-extra-v3/libspng  0.7.4-2.2      0.11 MiB       0.05 MiB

Total Download Size:   0.05 MiB
Total Installed Size:  0.11 MiB

:: Proceed with installation? [Y/n] 
:: Retrieving packages...
 libspng-0.7.4-2.2-x86_64_v3 downloading...
checking keyring...
checking package integrity...
loading package files...
checking for file conflicts...
checking available disk space...
:: Running pre-transaction hooks...
(1/1) Performing snapper pre snapshots for the following configurations...
==> root: 36
:: Processing package changes...
installing libspng...
:: Running post-transaction hooks...
(1/2) Arming ConditionNeedsUpdate...
(2/2) Performing snapper post snapshots for the following configurations...
==> root: 37
resolving dependencies...
looking for conflicting packages...

Package (6)                   New Version       Net Change  Download Size

extra/libappindicator         12.10.1-1           0.34 MiB       0.05 MiB
extra/libdbusmenu-glib        18.10.20180917-1    0.67 MiB       0.09 MiB
extra/libdbusmenu-gtk3        18.10.20180917-1    0.22 MiB       0.05 MiB
cachyos-extra-v3/libnma       1.10.6-3.1          0.50 MiB       0.11 MiB
extra/nm-connection-editor    1.36.0-1            4.46 MiB       0.78 MiB
extra/network-manager-applet  1.36.0-1            0.60 MiB       0.17 MiB

Total Download Size:   1.25 MiB
Total Installed Size:  6.79 MiB

:: Proceed with installation? [Y/n] 
:: Retrieving packages...
 nm-connection-editor-1.36.0-1-x86_64 downloading...
 network-manager-applet-1.36.0-1-x86_64 downloading...
 libnma-1.10.6-3.1-x86_64 downloading...
 libdbusmenu-glib-18.10.20180917-1-x86_64 downloading...
 libappindicator-12.10.1-1-x86_64 downloading...
 libdbusmenu-gtk3-18.10.20180917-1-x86_64 downloading...
checking keyring...
checking package integrity...
loading package files...
checking for file conflicts...
checking available disk space...
:: Running pre-transaction hooks...
(1/1) Performing snapper pre snapshots for the following configurations...
==> root: 38
:: Processing package changes...
installing libdbusmenu-glib...
installing libdbusmenu-gtk3...
installing libappindicator...
installing libnma...
installing nm-connection-editor...
installing network-manager-applet...
:: Running post-transaction hooks...
(1/5) Arming ConditionNeedsUpdate...
(2/5) Compiling GSettings XML schema files...
(3/5) Updating icon theme caches...
(4/5) Updating the desktop file MIME type cache...
(5/5) Performing snapper post snapshots for the following configurations...
==> root: 39
resolving dependencies...
looking for conflicting packages...

Package (1)               New Version  Net Change  Download Size

cachyos-extra-v3/pamixer  1.6-3.1        0.26 MiB       0.10 MiB

Total Download Size:   0.10 MiB
Total Installed Size:  0.26 MiB

:: Proceed with installation? [Y/n] 
:: Retrieving packages...
 pamixer-1.6-3.1-x86_64 downloading...
checking keyring...
checking package integrity...
loading package files...
checking for file conflicts...
checking available disk space...
:: Running pre-transaction hooks...
(1/1) Performing snapper pre snapshots for the following configurations...
==> root: 40
:: Processing package changes...
installing pamixer...
:: Running post-transaction hooks...
(1/2) Arming ConditionNeedsUpdate...
(2/2) Performing snapper post snapshots for the following configurations...
==> root: 41
resolving dependencies...
looking for conflicting packages...

Package (4)                                 New Version  Net Change  Download Size

cachyos-extra-v3/python-charset-normalizer  3.4.4-1.1      0.72 MiB       0.17 MiB
extra/python-idna                           3.11-1         0.89 MiB       0.10 MiB
extra/python-urllib3                        2.6.2-1        1.30 MiB       0.23 MiB
extra/python-requests                       2.32.5-1       0.59 MiB       0.12 MiB

Total Download Size:   0.62 MiB
Total Installed Size:  3.50 MiB

:: Proceed with installation? [Y/n] 
:: Retrieving packages...
 python-urllib3-2.6.2-1-any downloading...
 python-charset-normalizer-3.4.4-1.1-x86_64_v3 downloading...
 python-requests-2.32.5-1-any downloading...
 python-idna-3.11-1-any downloading...
error: failed retrieving file 'python-urllib3-2.6.2-1-any.pkg.tar.zst' from archlinux.cachyos.org : Resolving timed out after 10000 milliseconds
error: failed retrieving file 'python-requests-2.32.5-1-any.pkg.tar.zst' from archlinux.cachyos.org : Resolving timed out after 10000 milliseconds
error: failed retrieving file 'python-idna-3.11-1-any.pkg.tar.zst' from archlinux.cachyos.org : Resolving timed out after 10000 milliseconds
warning: too many errors from archlinux.cachyos.org, skipping for the remainder of this transaction
checking keyring...
checking package integrity...
loading package files...
checking for file conflicts...
checking available disk space...
:: Running pre-transaction hooks...
(1/1) Performing snapper pre snapshots for the following configurations...
==> root: 42
:: Processing package changes...
installing python-charset-normalizer...
installing python-idna...
installing python-urllib3...
Optional dependencies for python-urllib3
    python-brotli: Brotli support
    python-brotlicffi: Brotli support
    python-h2: HTTP/2 support
    python-pysocks: SOCKS support
    python-backports-zstd: Zstandard support
installing python-requests...
Optional dependencies for python-requests
    python-chardet: alternative character encoding library
    python-pysocks: SOCKS proxy support
:: Running post-transaction hooks...
(1/2) Arming ConditionNeedsUpdate...
(2/2) Performing snapper post snapshots for the following configurations...
==> root: 43
resolving dependencies...
looking for conflicting packages...

Package (3)                   New Version  Net Change  Download Size

extra/python-cssselect        1.3.0-1        0.24 MiB       0.04 MiB
cachyos-extra-v3/python-lxml  6.0.2-1.1      6.15 MiB       1.61 MiB
extra/python-pyquery          2.0.1-1        0.26 MiB       0.05 MiB

Total Download Size:   1.71 MiB
Total Installed Size:  6.64 MiB

:: Proceed with installation? [Y/n] 
:: Retrieving packages...
 python-lxml-6.0.2-1.1-x86_64_v3 downloading...
 python-pyquery-2.0.1-1-any downloading...
 python-cssselect-1.3.0-1-any downloading...
checking keyring...
checking package integrity...
loading package files...
checking for file conflicts...
checking available disk space...
:: Running pre-transaction hooks...
(1/1) Performing snapper pre snapshots for the following configurations...
==> root: 44
:: Processing package changes...
installing python-lxml...
Optional dependencies for python-lxml
    python-beautifulsoup4: support for beautifulsoup parser to parse not well formed HTML
    python-cssselect: support for cssselect [pending]
    python-html5lib: support for html5lib parser
    python-lxml-docs: offline docs
    python-lxml-html-clean: enable htmlclean feature
installing python-cssselect...
installing python-pyquery...
Optional dependencies for python-pyquery
    python-webob: query wsgi app
:: Running post-transaction hooks...
(1/2) Arming ConditionNeedsUpdate...
(2/2) Performing snapper post snapshots for the following configurations...
==> root: 45
resolving dependencies...
looking for conflicting packages...

Package (4)                New Version           Net Change  Download Size

cachyos-extra-v3/qt5-base  5.15.18+kde+r109-2.1   65.86 MiB      13.99 MiB
cachyos-extra-v3/qt5-svg   5.15.18+kde+r5-1.1      0.51 MiB       0.15 MiB
extra/qt5-translations     5.15.18-1              14.71 MiB       1.86 MiB
cachyos-extra-v3/qt5ct     1.9-1.1                 0.89 MiB       0.22 MiB

Total Download Size:   16.22 MiB
Total Installed Size:  81.96 MiB

:: Proceed with installation? [Y/n] 
:: Retrieving packages...
 qt5-base-5.15.18+kde+r109-2.1-x86_64_v3 downloading...
 qt5-translations-5.15.18-1-any downloading...
 qt5ct-1.9-1.1-x86_64_v3 downloading...
 qt5-svg-5.15.18+kde+r5-1.1-x86_64_v3 downloading...
checking keyring...
checking package integrity...
loading package files...
checking for file conflicts...
checking available disk space...
:: Running pre-transaction hooks...
(1/1) Performing snapper pre snapshots for the following configurations...
==> root: 46
:: Processing package changes...
installing qt5-translations...
installing qt5-base...
Optional dependencies for qt5-base
    qt5-svg: to use SVG icon themes [pending]
    qt5-wayland: to run Qt applications in a Wayland session
    postgresql-libs: PostgreSQL driver
    mariadb-libs: MariaDB driver
    unixodbc: ODBC driver
    libfbclient: Firebird/iBase driver
    freetds: MS SQL driver
    gtk3: GTK platform plugin [installed]
    perl: for fixqt4headers and syncqt [installed]
installing qt5-svg...
installing qt5ct...
:: Running post-transaction hooks...
(1/3) Arming ConditionNeedsUpdate...
(2/3) Updating the desktop file MIME type cache...
(3/3) Performing snapper post snapshots for the following configurations...
==> root: 47
resolving dependencies...
looking for conflicting packages...

Package (1)             New Version  Net Change  Download Size

cachyos-extra-v3/qt6ct  0.11-3.1       0.69 MiB       0.17 MiB

Total Download Size:   0.17 MiB
Total Installed Size:  0.69 MiB

:: Proceed with installation? [Y/n] 
:: Retrieving packages...
 qt6ct-0.11-3.1-x86_64_v3 downloading...
checking keyring...
checking package integrity...
loading package files...
checking for file conflicts...
checking available disk space...
:: Running pre-transaction hooks...
(1/1) Performing snapper pre snapshots for the following configurations...
==> root: 48
:: Processing package changes...
installing qt6ct...
:: Running post-transaction hooks...
(1/3) Arming ConditionNeedsUpdate...
(2/3) Updating the desktop file MIME type cache...
(3/3) Performing snapper post snapshots for the following configurations...
==> root: 49
resolving dependencies...
looking for conflicting packages...

Package (2)                  New Version  Net Change  Download Size

cachyos-extra-v3/xcb-imdkit  1.0.9-1.1      0.62 MiB       0.33 MiB
cachyos-extra-v3/rofi        2.0.0-1.1      1.15 MiB       0.62 MiB

Total Download Size:   0.95 MiB
Total Installed Size:  1.77 MiB

:: Proceed with installation? [Y/n] 
:: Retrieving packages...
 rofi-2.0.0-1.1-x86_64_v3 downloading...
 xcb-imdkit-1.0.9-1.1-x86_64 downloading...
checking keyring...
checking package integrity...
loading package files...
checking for file conflicts...
checking available disk space...
:: Running pre-transaction hooks...
(1/1) Performing snapper pre snapshots for the following configurations...
==> root: 50
:: Processing package changes...
installing xcb-imdkit...
installing rofi...
:: Running post-transaction hooks...
(1/4) Arming ConditionNeedsUpdate...
(2/4) Updating icon theme caches...
(3/4) Updating the desktop file MIME type cache...
(4/4) Performing snapper post snapshots for the following configurations...
==> root: 51
resolving dependencies...
looking for conflicting packages...

Package (1)             New Version  Net Change  Download Size

cachyos-extra-v3/slurp  1.5.0-1.1      0.04 MiB       0.02 MiB

Total Download Size:   0.02 MiB
Total Installed Size:  0.04 MiB

:: Proceed with installation? [Y/n] 
:: Retrieving packages...
 slurp-1.5.0-1.1-x86_64 downloading...
checking keyring...
checking package integrity...
loading package files...
checking for file conflicts...
checking available disk space...
:: Running pre-transaction hooks...
(1/1) Performing snapper pre snapshots for the following configurations...
==> root: 52
:: Processing package changes...
installing slurp...
:: Running post-transaction hooks...
(1/2) Arming ConditionNeedsUpdate...
(2/2) Performing snapper post snapshots for the following configurations...
==> root: 53
resolving dependencies...
looking for conflicting packages...

Package (1)              New Version  Net Change  Download Size

cachyos-extra-v3/swappy  1.8.0-1.1      0.13 MiB       0.04 MiB

Total Download Size:   0.04 MiB
Total Installed Size:  0.13 MiB

:: Proceed with installation? [Y/n] 
:: Retrieving packages...
 swappy-1.8.0-1.1-x86_64_v3 downloading...
checking keyring...
checking package integrity...
loading package files...
checking for file conflicts...
checking available disk space...
:: Running pre-transaction hooks...
(1/1) Performing snapper pre snapshots for the following configurations...
==> root: 54
:: Processing package changes...
installing swappy...
Optional dependencies for swappy
    wl-clipboard: copy to clipboard support [installed]
    otf-font-awesome: to draw the paint icons properly
:: Running post-transaction hooks...
(1/4) Arming ConditionNeedsUpdate...
(2/4) Updating icon theme caches...
(3/4) Updating the desktop file MIME type cache...
(4/4) Performing snapper post snapshots for the following configurations...
==> root: 55
resolving dependencies...
looking for conflicting packages...

Package (8)                        New Version  Net Change  Download Size

cachyos-extra-v3/appstream         1.1.1-1.1     17.18 MiB       2.29 MiB
cachyos-extra-v3/granite7          7.7.0-1.1      0.94 MiB       0.23 MiB
cachyos-extra-v3/gtk4-layer-shell  1.3.0-1.1      0.30 MiB       0.06 MiB
cachyos-extra-v3/libadwaita        1:1.8.3-1.1    5.21 MiB       0.76 MiB
cachyos-extra-v3/libfyaml          0.9.2-1.1      1.05 MiB       0.34 MiB
cachyos-extra-v3/libgee            0.20.8-1.1     1.94 MiB       0.31 MiB
cachyos-extra-v3/libxmlb           0.3.24-1.1     1.23 MiB       0.16 MiB
cachyos-extra-v3/swaync            0.12.3-1.1     0.82 MiB       0.26 MiB

Total Download Size:    4.40 MiB
Total Installed Size:  28.65 MiB

:: Proceed with installation? [Y/n] 
:: Retrieving packages...
 appstream-1.1.1-1.1-x86_64_v3 downloading...
 libadwaita-1:1.8.3-1.1-x86_64_v3 downloading...
 libfyaml-0.9.2-1.1-x86_64_v3 downloading...
 libgee-0.20.8-1.1-x86_64_v3 downloading...
 swaync-0.12.3-1.1-x86_64_v3 downloading...
 granite7-7.7.0-1.1-x86_64_v3 downloading...
 libxmlb-0.3.24-1.1-x86_64_v3 downloading...
 gtk4-layer-shell-1.3.0-1.1-x86_64_v3 downloading...
checking keyring...
checking package integrity...
loading package files...
checking for file conflicts...
checking available disk space...
:: Running pre-transaction hooks...
(1/1) Performing snapper pre snapshots for the following configurations...
==> root: 56
:: Processing package changes...
installing gtk4-layer-shell...
installing libfyaml...
installing libxmlb...
installing appstream...
installing libadwaita...
installing libgee...
installing granite7...
installing swaync...
Optional dependencies for swaync
    gvfs: Get album art in MPRIS widget [installed]
:: Running post-transaction hooks...
(1/7) Reloading user manager configuration...
(2/7) Arming ConditionNeedsUpdate...
(3/7) Updating the appstream cache...
✔ Metadata cache was updated successfully.
(4/7) Compiling GSettings XML schema files...
(5/7) Updating icon theme caches...
(6/7) Updating the desktop file MIME type cache...
(7/7) Performing snapper post snapshots for the following configurations...
==> root: 57
resolving dependencies...
looking for conflicting packages...

Package (1)            New Version  Net Change  Download Size

cachyos-extra-v3/swww  0.11.2-1.1     9.14 MiB       2.41 MiB

Total Download Size:   2.41 MiB
Total Installed Size:  9.14 MiB

:: Proceed with installation? [Y/n] 
:: Retrieving packages...
 swww-0.11.2-1.1-x86_64_v3 downloading...
checking keyring...
checking package integrity...
loading package files...
checking for file conflicts...
checking available disk space...
:: Running pre-transaction hooks...
(1/1) Performing snapper pre snapshots for the following configurations...
==> root: 58
:: Processing package changes...
installing swww...
:: Running post-transaction hooks...
(1/2) Arming ConditionNeedsUpdate...
(2/2) Performing snapper post snapshots for the following configurations...
==> root: 59
:: Resolving dependencies...
:: There are 2 providers available for wallust:
:: Repository AUR:
    1) wallust  2) wallust-git  
Enter a number (default=1): 
:: There are 3 providers available for cargo:
:: Repository cachyos-extra-v3:
    1) rustup  
:: Repository extra:
    2) rust  3) rustup  
Enter a number (default=1): :: Calculating conflicts...
:: Calculating inner conflicts...

Repo (1)                 Old Version  New Version    Make Only
cachyos-extra-v3/rustup               1.28.2-4.1     Yes

Aur (1)                  Old Version  New Version    Make Only
aur/wallust                           3.4.0-1        No

:: Proceed to review? [Y/n]: 

:: Downloading PKGBUILDs...
 (1/1) downloading: wallust-3.4.0-1
resolving dependencies...
looking for conflicting packages...

Package (1)              New Version  Net Change  Download Size

cachyos-extra-v3/rustup  1.28.2-4.1    11.28 MiB       3.59 MiB

Total Download Size:    3.59 MiB
Total Installed Size:  11.28 MiB

:: Proceed with installation? [Y/n] 
:: Retrieving packages...
 rustup-1.28.2-4.1-x86_64_v3 downloading...
checking keyring...
checking package integrity...
loading package files...
checking for file conflicts...
checking available disk space...
:: Running pre-transaction hooks...
(1/1) Performing snapper pre snapshots for the following configurations...
==> root: 60
:: Processing package changes...
installing rustup...
You may need to run rustup update stable
and possibly also rustup self upgrade-data
Optional dependencies for rustup
    lldb: rust-lldb script
    gdb: rust-gdb script
:: Running post-transaction hooks...
(1/2) Arming ConditionNeedsUpdate...
(2/2) Performing snapper post snapshots for the following configurations...
==> root: 61
fetching devel info...
==> Making package: wallust 3.4.0-1 (09 يناير, 2026 18:53:41)
==> Retrieving sources...
  -> Downloading wallust-3.4.0.tar.gz...
  % Total    % Received % Xferd  Average Speed  Time    Time    Time   Current
                                 Dload  Upload  Total   Spent   Left   Speed
  0      0   0      0   0      0      0      0                              0  0      0   0      0   0      0      0      0           00:01              0  0      0   0      0   0      0      0      0           00:02              0  0      0   0      0   0      0      0      0           00:03              0  0      0   0      0   0      0      0      0           00:04              0  0      0   0      0   0      0      0      0           00:05              0100 145.9k 100 145.9k   0      0  27946      0   00:05   00:05          27949100 145.9k 100 145.9k   0      0  27943      0   00:05   00:05          27949100 145.9k 100 145.9k   0      0  27940      0   00:05   00:05          27949
==> Validating source files with sha256sums...
    wallust-3.4.0.tar.gz ... Passed
==> Making package: wallust 3.4.0-1 (09 يناير, 2026 18:53:48)
==> Checking runtime dependencies...
==> Checking buildtime dependencies...
==> Retrieving sources...
  -> Found wallust-3.4.0.tar.gz
==> Validating source files with sha256sums...
    wallust-3.4.0.tar.gz ... Passed
==> Removing existing $srcdir/ directory...
==> Extracting sources...
  -> Extracting wallust-3.4.0.tar.gz with bsdtar
==> Starting prepare()...
info: syncing channel updates for 'stable-x86_64-unknown-linux-gnu'
info: latest update on 2025-12-11, rust version 1.92.0 (ded5c06cf 2025-12-08)
info: downloading component 'cargo'
info: downloading component 'clippy'
info: downloading component 'rust-docs'
info: downloading component 'rust-std'
info: downloading component 'rustc'
info: downloading component 'rustfmt'
info: installing component 'cargo'
info: installing component 'clippy'
info: installing component 'rust-docs'
info: installing component 'rust-std'
info: installing component 'rustc'
info: installing component 'rustfmt'
    Updating crates.io index
 Downloading crates ...
  Downloaded powerfmt v0.2.0
  Downloaded cargo-platform v0.1.9
  Downloaded strsim v0.11.1
  Downloaded vergen-git2 v1.0.7
  Downloaded derive_builder_macro v0.20.2
  Downloaded darling_macro v0.20.11
  Downloaded same-file v1.0.6
  Downloaded time-core v0.1.4
  Downloaded num-conv v0.1.0
  Downloaded fnv v1.0.7
  Downloaded itoa v1.0.15
  Downloaded ident_case v1.0.1
  Downloaded num_threads v0.1.7
  Downloaded cargo_metadata v0.19.2
  Downloaded vergen-lib v0.1.6
  Downloaded wallust_themes v1.1.0
  Downloaded stable_deref_trait v1.2.0
  Downloaded zerofrom v0.1.6
  Downloaded zerofrom-derive v0.1.6
  Downloaded form_urlencoded v1.2.1
  Downloaded serde_spanned v1.0.0
  Downloaded errno v0.3.13
  Downloaded ref-cast-impl v1.0.24
  Downloaded cfg-if v1.0.1
  Downloaded derive_builder_core v0.20.2
  Downloaded rustversion v1.0.21
  Downloaded time-macros v0.2.22
  Downloaded thiserror-impl v2.0.12
  Downloaded thiserror v2.0.12
  Downloaded ryu v1.0.20
  Downloaded simd-adler32 v0.3.7
  Downloaded new_debug_unreachable v1.0.6
  Downloaded equivalent v1.0.2
  Downloaded idna_adapter v1.2.1
  Downloaded strum v0.27.1
  Downloaded yoke-derive v0.8.0
  Downloaded utf8_iter v1.0.4
  Downloaded ref-cast v1.0.24
  Downloaded potential_utf v0.1.2
  Downloaded yoke v0.8.0
  Downloaded writeable v0.6.1
  Downloaded toml_datetime v0.7.0
  Downloaded shlex v1.3.0
  Downloaded percent-encoding v2.3.1
  Downloaded jobserver v0.1.33
  Downloaded darling v0.20.11
  Downloaded quote v1.0.40
  Downloaded vergen v9.0.6
  Downloaded unicode-ident v1.0.18
  Downloaded semver v1.0.26
  Downloaded walkdir v2.5.0
  Downloaded proc-macro2 v1.0.95
  Downloaded color_quant v1.1.0
  Downloaded byteorder-lite v0.1.0
  Downloaded lebe v0.5.2
  Downloaded fxhash v0.2.1
  Downloaded dyn-clone v1.0.19
  Downloaded strum_macros v0.27.1
  Downloaded pkg-config v0.3.32
  Downloaded synstructure v0.13.2
  Downloaded tinystr v0.8.1
  Downloaded toml_writer v1.0.2
  Downloaded displaydoc v0.2.5
  Downloaded log v0.4.27
  Downloaded smallvec v1.15.1
  Downloaded camino v1.1.10
  Downloaded documented v0.9.2
  Downloaded deranged v0.4.0
  Downloaded siphasher v1.0.1
  Downloaded by_address v1.2.1
  Downloaded heck v0.5.0
  Downloaded dirs-sys v0.5.0
  Downloaded derive_builder v0.20.2
  Downloaded phf_shared v0.12.1
  Downloaded dunce v1.0.5
  Downloaded phf_generator v0.12.1
  Downloaded documented-macros v0.9.2
  Downloaded bit_field v0.10.2
  Downloaded serde_derive v1.0.219
  Downloaded toml_parser v1.0.1
  Downloaded litemap v0.8.0
  Downloaded dirs v6.0.0
  Downloaded tempfile v3.20.0
  Downloaded heck v0.4.1
  Downloaded strum v0.24.1
  Downloaded spinners v4.1.1
  Downloaded maybe-rayon v0.1.1
  Downloaded num-derive v0.4.2
  Downloaded profiling v1.0.17
  Downloaded simd_helpers v0.1.0
  Downloaded lazy_static v1.5.0
  Downloaded equator-macro v0.4.2
  Downloaded once_cell v1.21.3
  Downloaded arg_enum_proc_macro v0.3.4
  Downloaded aligned-vec v0.6.4
  Downloaded memo-map v0.3.3
  Downloaded icu_provider v2.0.0
  Downloaded icu_properties v2.0.1
  Downloaded bitflags v2.9.1
  Downloaded zerovec-derive v0.11.1
  Downloaded getrandom v0.3.3
  Downloaded avif-serialize v0.8.5
  Downloaded phf v0.12.1
  Downloaded document-features v0.2.11
  Downloaded noop_proc_macro v0.3.0
  Downloaded cast v0.3.0
  Downloaded anyhow v1.0.98
  Downloaded serde v1.0.219
  Downloaded darling_core v0.20.11
  Downloaded plotters-svg v0.3.7
  Downloaded glob v0.3.2
  Downloaded gif v0.13.3
  Downloaded wasm-bindgen-shared v0.2.100
  Downloaded clap_lex v0.7.5
  Downloaded option-ext v0.2.0
  Downloaded utf8parse v0.2.2
  Downloaded optfield v0.4.0
  Downloaded phf_macros v0.12.1
  Downloaded toml v0.9.2
  Downloaded profiling-procmacros v1.0.17
  Downloaded is_terminal_polyfill v1.70.1
  Downloaded loop9 v0.1.5
  Downloaded wasm-bindgen-macro v0.2.100
  Downloaded roff v0.2.2
  Downloaded memchr v2.7.5
  Downloaded clap_mangen v0.2.28
  Downloaded ciborium-io v0.2.2
  Downloaded ciborium-ll v0.2.2
  Downloaded anstyle-query v1.1.3
  Downloaded colorchoice v1.0.4
  Downloaded anstyle v1.0.11
  Downloaded toml_edit v0.23.1
  Downloaded icu_normalizer_data v2.0.0
  Downloaded icu_locale_core v2.0.0
  Downloaded litrs v0.4.1
  Downloaded plotters-backend v0.3.7
  Downloaded tinytemplate v1.2.1
  Downloaded anstream v0.6.19
  Downloaded zune-inflate v0.2.54
  Downloaded maplit v1.0.2
  Downloaded zerotrie v0.2.2
  Downloaded anstyle-parse v0.2.7
  Downloaded adler2 v2.0.1
  Downloaded half v2.6.0
  Downloaded anes v0.1.6
  Downloaded clap_derive v4.5.41
  Downloaded icu_normalizer v2.0.0
  Downloaded time v0.3.41
  Downloaded icu_collections v2.0.0
  Downloaded ciborium v0.2.2
  Downloaded url v2.5.4
  Downloaded clap v4.5.41
  Downloaded equator v0.4.2
  Downloaded palette_derive v0.7.6
  Downloaded clap_complete v4.5.55
  Downloaded indexmap v2.10.0
  Downloaded rand_chacha v0.9.0
  Downloaded zerovec v0.11.2
  Downloaded unicode-segmentation v1.12.0
  Downloaded cc v1.2.29
  Downloaded hashbrown v0.15.4
  Downloaded serde_json v1.0.140
  Downloaded idna v1.0.3
  Downloaded itertools v0.10.5
  Downloaded criterion v0.6.0
  Downloaded aho-corasick v1.1.3
  Downloaded icu_properties_data v2.0.1
  Downloaded approx v0.5.1
  Downloaded winnow v0.7.12
  Downloaded fast_image_resize v5.1.4
  Downloaded autocfg v1.5.0
  Downloaded self_cell v1.2.0
  Downloaded itertools v0.13.0
  Downloaded paste v1.0.15
  Downloaded zune-core v0.4.12
  Downloaded plotters v0.3.7
  Downloaded crossbeam-deque v0.8.6
  Downloaded ppv-lite86 v0.2.21
  Downloaded git2 v0.20.2
  Downloaded regex v1.11.1
  Downloaded vcpkg v0.2.15
  Downloaded exr v1.73.0
  Downloaded syn v2.0.104
  Downloaded rand_core v0.9.3
  Downloaded quick-error v2.0.1
  Downloaded strum_macros v0.24.3
  Downloaded fdeflate v0.3.7
  Downloaded wasm-bindgen-backend v0.2.100
  Downloaded v_frame v0.3.9
  Downloaded regex-syntax v0.8.5
  Downloaded thiserror-impl v1.0.69
  Downloaded either v1.15.0
  Downloaded ravif v0.11.20
  Downloaded fastrand v2.3.0
  Downloaded serde_derive_internals v0.29.1
  Downloaded rustix v1.0.7
  Downloaded num-integer v0.1.46
  Downloaded fast-srgb8 v1.0.0
  Downloaded num-rational v0.4.2
  Downloaded thiserror v1.0.69
  Downloaded bitflags v1.3.2
  Downloaded regex-automata v0.4.9
  Downloaded byteorder v1.5.0
  Downloaded shellexpand v3.1.1
  Downloaded rgb v0.8.52
  Downloaded av1-grain v0.2.4
  Downloaded wasm-bindgen-macro-support v0.2.100
  Downloaded libc v0.2.174
  Downloaded libz-sys v1.1.22
  Downloaded crossbeam-utils v0.8.21
  Downloaded crc32fast v1.5.0
  Downloaded schemars_derive v1.0.4
  Downloaded bitstream-io v2.6.0
  Downloaded kmeans_colors v0.7.0
  Downloaded oorandom v11.1.5
  Downloaded crossbeam-epoch v0.9.18
  Downloaded arrayvec v0.7.6
  Downloaded criterion-plot v0.5.0
  Downloaded wasm-bindgen v0.2.100
  Downloaded libgit2-sys v0.18.2+1.9.1
  Downloaded convert_case v0.8.0
  Downloaded linux-raw-sys v0.9.4
  Downloaded built v0.7.7
  Downloaded weezl v0.1.10
  Downloaded zune-jpeg v0.4.19
  Downloaded owo-colors v4.2.2
  Downloaded bytemuck v1.23.1
  Downloaded miniz_oxide v0.8.9
  Downloaded rayon-core v1.12.1
  Downloaded num-traits v0.2.19
  Downloaded image-webp v0.2.3
  Downloaded schemars v1.0.4
  Downloaded flate2 v1.1.2
  Downloaded num-bigint v0.4.6
  Downloaded qoi v0.4.1
  Downloaded imgref v1.11.0
  Downloaded rand v0.9.1
  Downloaded bumpalo v3.19.0
  Downloaded minimal-lexical v0.2.1
  Downloaded png v0.17.16
  Downloaded nom v7.1.3
  Downloaded itertools v0.14.0
  Downloaded itertools v0.12.1
  Downloaded rayon v1.10.0
  Downloaded minijinja v2.11.0
  Downloaded clap_builder v4.5.41
  Downloaded syn v1.0.109
  Downloaded palette v0.7.6
  Downloaded zerocopy v0.8.26
  Downloaded image v0.25.6
  Downloaded jpeg-decoder v0.3.2
  Downloaded tiff v0.9.1
  Downloaded rav1e v0.7.1
==> Sources are ready.
wallust-3.4.0-1: parsing pkg list...
==> Making package: wallust 3.4.0-1 (09 يناير, 2026 18:55:49)
==> Checking runtime dependencies...
==> Checking buildtime dependencies...
==> WARNING: Using existing $srcdir/ tree
==> Starting build()...
   Compiling proc-macro2 v1.0.95
   Compiling unicode-ident v1.0.18
   Compiling libc v0.2.174
   Compiling rustversion v1.0.21
   Compiling stable_deref_trait v1.2.0
   Compiling serde v1.0.219
   Compiling cfg-if v1.0.1
   Compiling memchr v2.7.5
   Compiling autocfg v1.5.0
   Compiling anyhow v1.0.98
   Compiling itoa v1.0.15
   Compiling serde_json v1.0.140
   Compiling writeable v0.6.1
   Compiling strsim v0.11.1
   Compiling shlex v1.3.0
   Compiling litemap v0.8.0
   Compiling ryu v1.0.20
   Compiling fnv v1.0.7
   Compiling crossbeam-utils v0.8.21
   Compiling ident_case v1.0.1
   Compiling icu_normalizer_data v2.0.0
   Compiling thiserror v2.0.12
   Compiling icu_properties_data v2.0.1
   Compiling pkg-config v0.3.32
   Compiling vcpkg v0.2.15
   Compiling rayon-core v1.12.1
   Compiling simd-adler32 v0.3.7
   Compiling smallvec v1.15.1
   Compiling quote v1.0.40
   Compiling camino v1.1.10
   Compiling either v1.15.0
   Compiling syn v2.0.104
   Compiling crossbeam-epoch v0.9.18
   Compiling semver v1.0.26
   Compiling jobserver v0.1.33
   Compiling aho-corasick v1.1.3
   Compiling crossbeam-deque v0.8.6
   Compiling num-traits v0.2.19
   Compiling percent-encoding v2.3.1
   Compiling cc v1.2.29
   Compiling adler2 v2.0.1
   Compiling zerocopy v0.8.26
   Compiling heck v0.5.0
   Compiling vergen-lib v0.1.6
   Compiling num-integer v0.1.46
   Compiling getrandom v0.3.3
   Compiling crc32fast v1.5.0
   Compiling thiserror v1.0.69
   Compiling regex-syntax v0.8.5
   Compiling utf8_iter v1.0.4
   Compiling num-bigint v0.4.6
   Compiling vergen v9.0.6
   Compiling miniz_oxide v0.8.9
   Compiling form_urlencoded v1.2.1
   Compiling syn v1.0.109
   Compiling paste v1.0.15
   Compiling built v0.7.7
   Compiling powerfmt v0.2.0
   Compiling minimal-lexical v0.2.1
   Compiling arrayvec v0.7.6
   Compiling siphasher v1.0.1
   Compiling nom v7.1.3
   Compiling phf_shared v0.12.1
   Compiling deranged v0.4.0
   Compiling vergen-git2 v1.0.7
   Compiling rayon v1.10.0
   Compiling fastrand v2.3.0
   Compiling num-rational v0.4.2
   Compiling log v0.4.27
   Compiling rav1e v0.7.1
   Compiling num-conv v0.1.0
   Compiling time-core v0.1.4
   Compiling num_threads v0.1.7
   Compiling utf8parse v0.2.2
   Compiling clap_lex v0.7.5
   Compiling regex-automata v0.4.9
   Compiling anstyle v1.0.11
   Compiling bitflags v2.9.1
   Compiling clap_builder v4.5.41
   Compiling anstyle-parse v0.2.7
   Compiling time v0.3.41
   Compiling phf_generator v0.12.1
   Compiling flate2 v1.1.2
   Compiling rand_core v0.9.3
   Compiling ppv-lite86 v0.2.21
   Compiling synstructure v0.13.2
   Compiling darling_core v0.20.11
   Compiling maybe-rayon v0.1.1
   Compiling simd_helpers v0.1.0
   Compiling regex v1.11.1
   Compiling itertools v0.12.1
   Compiling new_debug_unreachable v1.0.6
   Compiling palette v0.7.6
   Compiling is_terminal_polyfill v1.70.1
   Compiling option-ext v0.2.0
   Compiling heck v0.4.1
   Compiling quick-error v2.0.1
   Compiling imgref v1.11.0
   Compiling once_cell v1.21.3
   Compiling by_address v1.2.1
   Compiling unicode-segmentation v1.12.0
   Compiling colorchoice v1.0.4
   Compiling noop_proc_macro v0.3.0
   Compiling anstyle-query v1.1.3
   Compiling winnow v0.7.12
   Compiling bitstream-io v2.6.0
   Compiling weezl v0.1.10
   Compiling convert_case v0.8.0
   Compiling libz-sys v1.1.22
   Compiling libgit2-sys v0.18.2+1.9.1
   Compiling anstream v0.6.19
   Compiling loop9 v0.1.5
   Compiling toml_parser v1.0.1
   Compiling itertools v0.14.0
   Compiling dirs-sys v0.5.0
   Compiling clap v4.5.41
   Compiling rand_chacha v0.9.0
   Compiling avif-serialize v0.8.5
   Compiling zune-inflate v0.2.54
   Compiling fdeflate v0.3.7
   Compiling half v2.6.0
   Compiling fast-srgb8 v1.0.0
   Compiling bytemuck v1.23.1
   Compiling jpeg-decoder v0.3.2
   Compiling rgb v0.8.52
   Compiling bitflags v1.3.2
   Compiling byteorder-lite v0.1.0
   Compiling lebe v0.5.2
   Compiling owo-colors v4.2.2
   Compiling equivalent v1.0.2
   Compiling hashbrown v0.15.4
   Compiling bit_field v0.10.2
   Compiling toml_writer v1.0.2
   Compiling byteorder v1.5.0
   Compiling litrs v0.4.1
   Compiling color_quant v1.1.0
   Compiling zune-core v0.4.12
   Compiling fxhash v0.2.1
   Compiling gif v0.13.3
   Compiling indexmap v2.10.0
   Compiling zune-jpeg v0.4.19
   Compiling tiff v0.9.1
   Compiling exr v1.73.0
   Compiling image-webp v0.2.3
   Compiling png v0.17.16
   Compiling document-features v0.2.11
   Compiling qoi v0.4.1
   Compiling rand v0.9.1
   Compiling dirs v6.0.0
   Compiling memo-map v0.3.3
   Compiling same-file v1.0.6
   Compiling lazy_static v1.5.0
   Compiling self_cell v1.2.0
   Compiling maplit v1.0.2
   Compiling walkdir v2.5.0
   Compiling shellexpand v3.1.1
   Compiling glob v0.3.2
   Compiling dunce v1.0.5
   Compiling strum_macros v0.24.3
   Compiling serde_derive v1.0.219
   Compiling zerofrom-derive v0.1.6
   Compiling yoke-derive v0.8.0
   Compiling zerovec-derive v0.11.1
   Compiling displaydoc v0.2.5
   Compiling darling_macro v0.20.11
   Compiling thiserror-impl v2.0.12
   Compiling equator-macro v0.4.2
   Compiling thiserror-impl v1.0.69
   Compiling profiling-procmacros v1.0.17
   Compiling strum_macros v0.27.1
   Compiling arg_enum_proc_macro v0.3.4
   Compiling darling v0.20.11
   Compiling derive_builder_core v0.20.2
   Compiling profiling v1.0.17
   Compiling num-derive v0.4.2
   Compiling palette_derive v0.7.6
   Compiling equator v0.4.2
   Compiling aligned-vec v0.6.4
   Compiling optfield v0.4.0
   Compiling v_frame v0.3.9
   Compiling av1-grain v0.2.4
   Compiling phf_macros v0.12.1
   Compiling strum v0.24.1
   Compiling clap_derive v4.5.41
   Compiling spinners v4.1.1
   Compiling fast_image_resize v5.1.4
   Compiling phf v0.12.1
   Compiling zerofrom v0.1.6
   Compiling yoke v0.8.0
   Compiling zerovec v0.11.2
   Compiling zerotrie v0.2.2
   Compiling derive_builder_macro v0.20.2
   Compiling strum v0.27.1
   Compiling documented-macros v0.9.2
   Compiling tinystr v0.8.1
   Compiling icu_locale_core v2.0.0
   Compiling potential_utf v0.1.2
   Compiling icu_collections v2.0.0
   Compiling icu_provider v2.0.0
   Compiling icu_normalizer v2.0.0
   Compiling icu_properties v2.0.1
   Compiling derive_builder v0.20.2
   Compiling ravif v0.11.20
   Compiling idna_adapter v1.2.1
   Compiling idna v1.0.3
   Compiling url v2.5.4
   Compiling cargo-platform v0.1.9
   Compiling git2 v0.20.2
   Compiling toml_datetime v0.7.0
   Compiling serde_spanned v1.0.0
   Compiling documented v0.9.2
   Compiling toml_edit v0.23.1
   Compiling toml v0.9.2
   Compiling minijinja v2.11.0
   Compiling cargo_metadata v0.19.2
   Compiling wallust_themes v1.1.0
   Compiling image v0.25.6
   Compiling wallust v3.4.0 (/home/imad/.cache/paru/clone/wallust/src/wallust-3.4.0)
   Compiling kmeans_colors v0.7.0
warning: constant `SCHEME_NAME` is never used
   --> src/sequences.rs:153:7
    |
153 | const SCHEME_NAME: &str = "wallust";
    |       ^^^^^^^^^^^
    |
    = note: `#[warn(dead_code)]` (part of `#[warn(unused)]`) on by default

warning: struct `WinTerm` is never constructed
   --> src/sequences.rs:245:8
    |
245 | struct WinTerm {
    |        ^^^^^^^

warning: struct `WinScheme` is never constructed
   --> src/sequences.rs:264:8
    |
264 | struct WinScheme {
    |        ^^^^^^^^^

warning: unused return value of `array::<impl [T; N]>::map` that must be used
   --> src/colors.rs:344:9
    |
344 | /         [
345 | |             //&mut self.color0,
346 | |             &mut self.color1,
347 | |             &mut self.color2,
...   |
361 | |         ].map(|i| *i = i.saturate(amount));
    | |__________________________________________^
    |
    = note: `#[warn(unused_must_use)]` (part of `#[warn(unused)]`) on by default
help: use `let _ = ...` to ignore the resulting value
    |
344 |         let _ = [
    |         +++++++

warning: `wallust` (lib) generated 4 warnings
    Finished `release` profile [optimized] target(s) in 3m 26s
==> Entering fakeroot environment...
==> Starting package()...
==> Tidying install...
  -> Removing libtool files...
  -> Removing static library files...
  -> Purging unwanted files...
  -> Stripping unneeded symbols from binaries and libraries...
  -> Compressing man and info pages...
==> Checking for packaging issues...
==> Creating package "wallust"...
  -> Generating .PKGINFO file...
  -> Generating .BUILDINFO file...
  -> Generating .MTREE file...
  -> Compressing package...
==> Leaving fakeroot environment.
==> Finished making: wallust 3.4.0-1 (09 يناير, 2026 18:59:19)
==> Cleaning up...
loading packages...
resolving dependencies...
looking for conflicting packages...

Package (1)  New Version  Net Change

wallust      3.4.0-1        5.44 MiB

Total Installed Size:  5.44 MiB

:: Proceed with installation? [Y/n] 
checking keyring...
checking package integrity...
loading package files...
checking for file conflicts...
checking available disk space...
:: Running pre-transaction hooks...
(1/1) Performing snapper pre snapshots for the following configurations...
==> root: 62
:: Processing package changes...
installing wallust...
Optional dependencies for wallust
    imagemagick [installed]
:: Running post-transaction hooks...
(1/2) Arming ConditionNeedsUpdate...
(2/2) Performing snapper post snapshots for the following configurations...
==> root: 63
resolving dependencies...
looking for conflicting packages...

Package (13)                      New Version  Net Change  Download Size

cachyos-extra-v3/atkmm            2.28.4-1.1     0.56 MiB       0.10 MiB
cachyos-extra-v3/cairomm          1.14.5-1.1     0.41 MiB       0.09 MiB
cachyos-extra-v3/glibmm           2.66.8-1.1     5.97 MiB       1.02 MiB
cachyos-extra-v3/gpsd             3.27.3-1.1     5.39 MiB       1.17 MiB
cachyos-extra-v3/gtk-layer-shell  0.10.0-1.1     0.39 MiB       0.07 MiB
cachyos-extra-v3/gtkmm3           3.24.10-1.2    9.42 MiB       1.43 MiB
cachyos-extra-v3/jsoncpp          1.9.6-3.3      0.80 MiB       0.17 MiB
cachyos-extra-v3/libmpdclient     2.23-1.1       0.36 MiB       0.08 MiB
cachyos-extra-v3/libsigc++        2.12.1-2.1     1.14 MiB       0.07 MiB
cachyos-extra-v3/pangomm          2.46.4-1.4     0.49 MiB       0.10 MiB
cachyos-extra-v3/pps-tools        1.0.3-2.1      0.06 MiB       0.01 MiB
cachyos-extra-v3/sndio            1.10.0-1.4     0.36 MiB       0.16 MiB
cachyos-extra-v3/waybar           0.14.0-5.1     2.57 MiB       0.96 MiB

Total Download Size:    5.43 MiB
Total Installed Size:  27.93 MiB

:: Proceed with installation? [Y/n] 
:: Retrieving packages...
 gtkmm3-3.24.10-1.2-x86_64_v3 downloading...
 gpsd-3.27.3-1.1-x86_64_v3 downloading...
 glibmm-2.66.8-1.1-x86_64_v3 downloading...
 waybar-0.14.0-5.1-x86_64_v3 downloading...
 jsoncpp-1.9.6-3.3-x86_64_v3 downloading...
 sndio-1.10.0-1.4-x86_64_v3 downloading...
 atkmm-2.28.4-1.1-x86_64 downloading...
 pangomm-2.46.4-1.4-x86_64_v3 downloading...
 cairomm-1.14.5-1.1-x86_64 downloading...
 libmpdclient-2.23-1.1-x86_64_v3 downloading...
 gtk-layer-shell-0.10.0-1.1-x86_64_v3 downloading...
 libsigc++-2.12.1-2.1-x86_64_v3 downloading...
 pps-tools-1.0.3-2.1-x86_64 downloading...
checking keyring...
checking package integrity...
loading package files...
checking for file conflicts...
checking available disk space...
:: Running pre-transaction hooks...
(1/1) Performing snapper pre snapshots for the following configurations...
==> root: 64
:: Processing package changes...
installing libsigc++...
installing glibmm...
installing atkmm...
installing cairomm...
installing pps-tools...
installing gpsd...
Optional dependencies for gpsd
    gtk3: GUI frontends [installed]
    php: generate a PHP status page for your GPS
    php-gd: image support for the PHP status page
    python-cairo: GUI frontends [installed]
    python-gobject: GUI frontends [installed]
    python-pyserial: GUI frontends
    qt5-base: for Qgpsmm [installed]
installing gtk-layer-shell...
installing pangomm...
installing gtkmm3...
installing jsoncpp...
Optional dependencies for jsoncpp
    jsoncpp-doc: documentation
installing libmpdclient...
installing sndio...
installing waybar...
Optional dependencies for waybar
    otf-font-awesome: Icons in the default configuration
:: Running post-transaction hooks...
(1/6) Reloading system manager configuration...
(2/6) Reloading user manager configuration...
(3/6) Reloading device manager configuration...
(4/6) Arming ConditionNeedsUpdate...
(5/6) Updating the desktop file MIME type cache...
(6/6) Performing snapper post snapshots for the following configurations...
==> root: 65
resolving dependencies...
looking for conflicting packages...

Package (13)                            New Version  Net Change  Download Size

cachyos-extra-v3/gobject-introspection  1.86.0-1.1     3.09 MiB       0.51 MiB
extra/python-autocommand                2.2.2-7        0.08 MiB       0.02 MiB
extra/python-jaraco.collections         5.1.0-1        0.10 MiB       0.02 MiB
extra/python-jaraco.context             6.0.1-1        0.04 MiB       0.01 MiB
extra/python-jaraco.functools           4.1.0-1        0.07 MiB       0.02 MiB
extra/python-jaraco.text                4.0.0-2        0.08 MiB       0.02 MiB
extra/python-mako                       1.3.10-1       0.96 MiB       0.17 MiB
extra/python-markdown                   3.10.0-1       1.02 MiB       0.18 MiB
extra/python-more-itertools             10.8.0-1       0.71 MiB       0.12 MiB
extra/python-platformdirs               4.5.1-1        0.24 MiB       0.03 MiB
extra/python-setuptools                 1:80.9.0-2     7.54 MiB       1.24 MiB
extra/python-wheel                      0.45.1-1       0.28 MiB       0.07 MiB
cachyos/wlogout                         1.2.2-0        0.12 MiB       0.09 MiB

Total Download Size:    2.51 MiB
Total Installed Size:  14.34 MiB

:: Proceed with installation? [Y/n] 
:: Retrieving packages...
 python-setuptools-1:80.9.0-2-any downloading...
 gobject-introspection-1.86.0-1.1-x86_64_v3 downloading...
 python-markdown-3.10.0-1-any downloading...
 python-mako-1.3.10-1-any downloading...
 python-more-itertools-10.8.0-1-any downloading...
 wlogout-1.2.2-0-x86_64 downloading...
 python-wheel-0.45.1-1-any downloading...
 python-platformdirs-4.5.1-1-any downloading...
 python-autocommand-2.2.2-7-any downloading...
 python-jaraco.collections-5.1.0-1-any downloading...
 python-jaraco.text-4.0.0-2-any downloading...
 python-jaraco.functools-4.1.0-1-any downloading...
 python-jaraco.context-6.0.1-1-any downloading...
checking keyring...
checking package integrity...
loading package files...
checking for file conflicts...
checking available disk space...
:: Running pre-transaction hooks...
(1/1) Performing snapper pre snapshots for the following configurations...
==> root: 66
:: Processing package changes...
installing python-mako...
Optional dependencies for python-mako
    python-babel: for i18n features
    python-beaker: for caching support
    python-dogpile.cache: for caching support
    python-pygments: for syntax highlighting
    python-pytest: for testing utilities
installing python-markdown...
Optional dependencies for python-markdown
    python-yaml: parse Python in YAML metadata
    python-pygments: Code highlighting
installing python-more-itertools...
installing python-jaraco.functools...
installing python-jaraco.context...
installing python-autocommand...
installing python-jaraco.text...
Optional dependencies for python-jaraco.text
    python-inflect: for show-newlines script
installing python-jaraco.collections...
installing python-platformdirs...
installing python-wheel...
Optional dependencies for python-wheel
    python-keyring: for wheel.signatures
    python-xdg: for wheel.signatures [installed]
    python-setuptools: for legacy bdist_wheel subcommand [pending]
installing python-setuptools...
installing gobject-introspection...
installing wlogout...
:: Running post-transaction hooks...
(1/2) Arming ConditionNeedsUpdate...
(2/2) Performing snapper post snapshots for the following configurations...
==> root: 67
resolving dependencies...
looking for conflicting packages...

Package (12)                     New Version                  Net Change  Download Size

cachyos-extra-v3/enchant         2.8.14-1.1                     0.27 MiB       0.07 MiB
cachyos-extra-v3/gspell          1.14.2-1.1                     0.45 MiB       0.10 MiB
cachyos-extra-v3/gtksourceview3  1:3.24.11+r30+gd880929f-1.1    3.94 MiB       0.61 MiB
cachyos-extra-v3/harfbuzz-icu    12.3.0-1.1                     0.02 MiB       0.01 MiB
cachyos-extra-v3/hyphen          2.8.8-6.2                      0.04 MiB       0.02 MiB
cachyos-extra-v3/libavif         1.3.0-3.1                      0.82 MiB       0.30 MiB
cachyos-extra-v3/libmanette      0.2.13-1.1                     0.40 MiB       0.06 MiB
cachyos-extra-v3/libyuv          r2426+464c51a03-1.1            3.08 MiB       0.55 MiB
extra/webkit2gtk-4.1             2.50.4-1                     127.77 MiB      34.27 MiB
cachyos-extra-v3/woff2           1.0.2-6.1                      0.19 MiB       0.06 MiB
cachyos-extra-v3/xdg-dbus-proxy  0.1.6-1.1                      0.06 MiB       0.03 MiB
cachyos-extra-v3/yad             14.2-1.1                       0.59 MiB       0.20 MiB

Total Download Size:    36.28 MiB
Total Installed Size:  137.62 MiB

:: Proceed with installation? [Y/n] 
:: Retrieving packages...
 webkit2gtk-4.1-2.50.4-1-x86_64 downloading...
 gtksourceview3-1:3.24.11+r30+gd880929f-1.1-x86_64_v3 downloading...
 libyuv-r2426+464c51a03-1.1-x86_64 downloading...
 libavif-1.3.0-3.1-x86_64_v3 downloading...
 yad-14.2-1.1-x86_64_v3 downloading...
 gspell-1.14.2-1.1-x86_64_v3 downloading...
 enchant-2.8.14-1.1-x86_64_v3 downloading...
 woff2-1.0.2-6.1-x86_64_v3 downloading...
 libmanette-0.2.13-1.1-x86_64_v3 downloading...
 xdg-dbus-proxy-0.1.6-1.1-x86_64 downloading...
 hyphen-2.8.8-6.2-x86_64_v3 downloading...
 harfbuzz-icu-12.3.0-1.1-x86_64_v3 downloading...
checking keyring...
checking package integrity...
loading package files...
checking for file conflicts...
checking available disk space...
:: Running pre-transaction hooks...
(1/1) Performing snapper pre snapshots for the following configurations...
==> root: 68
:: Processing package changes...
installing enchant...
Optional dependencies for enchant
    aspell: for aspell based spell checking support
    hspell: for hspell based spell checking support
    hunspell: for hunspell based spell checking support
    libvoikko: for libvoikko based spell checking support
    nuspell: for nuspell based spell checking support
installing harfbuzz-icu...
installing hyphen...
installing libyuv...
installing libavif...
installing libmanette...
installing woff2...
installing xdg-dbus-proxy...
installing webkit2gtk-4.1...
Optional dependencies for webkit2gtk-4.1
    geoclue: Geolocation support
    gst-libav: nonfree media decoding [installed]
    gst-plugins-bad: media decoding [installed]
    gst-plugins-good: media decoding
installing gtksourceview3...
installing gspell...
installing yad...
:: Running post-transaction hooks...
(1/5) Arming ConditionNeedsUpdate...
(2/5) Compiling GSettings XML schema files...
(3/5) Updating icon theme caches...
(4/5) Updating the desktop file MIME type cache...
(5/5) Performing snapper post snapshots for the following configurations...
==> root: 69
resolving dependencies...
looking for conflicting packages...

Package (1)          New Version  Net Change  Download Size

extra/brightnessctl  0.5.1-3        0.03 MiB       0.01 MiB

Total Download Size:   0.01 MiB
Total Installed Size:  0.03 MiB

:: Proceed with installation? [Y/n] 
:: Retrieving packages...
 brightnessctl-0.5.1-3-x86_64 downloading...
checking keyring...
checking package integrity...
loading package files...
checking for file conflicts...
checking available disk space...
:: Running pre-transaction hooks...
(1/1) Performing snapper pre snapshots for the following configurations...
==> root: 70
:: Processing package changes...
installing brightnessctl...
:: Running post-transaction hooks...
(1/2) Arming ConditionNeedsUpdate...
(2/2) Performing snapper post snapshots for the following configurations...
==> root: 71
resolving dependencies...
looking for conflicting packages...

Package (1)            New Version  Net Change  Download Size

cachyos-extra-v3/cava  0.10.6-1.1     0.21 MiB       0.08 MiB

Total Download Size:   0.08 MiB
Total Installed Size:  0.21 MiB

:: Proceed with installation? [Y/n] 
:: Retrieving packages...
 cava-0.10.6-1.1-x86_64_v3 downloading...
checking keyring...
checking package integrity...
loading package files...
checking for file conflicts...
checking available disk space...
:: Running pre-transaction hooks...
(1/1) Performing snapper pre snapshots for the following configurations...
==> root: 72
:: Processing package changes...
installing cava...
:: Running post-transaction hooks...
(1/2) Arming ConditionNeedsUpdate...
(2/2) Performing snapper post snapshots for the following configurations...
==> root: 73
resolving dependencies...
looking for conflicting packages...

Package (4)                           New Version  Net Change  Download Size

cachyos-extra-v3/geocode-glib-2       3.26.4-4.2     0.78 MiB       0.09 MiB
cachyos-extra-v3/geocode-glib-common  3.26.4-4.2     0.06 MiB       0.01 MiB
cachyos-extra-v3/libgweather-4        4.4.4-3.1     22.95 MiB       3.01 MiB
cachyos-extra-v3/loupe                49.2-1.1       7.49 MiB       2.29 MiB

Total Download Size:    5.40 MiB
Total Installed Size:  31.27 MiB

:: Proceed with installation? [Y/n] 
:: Retrieving packages...
 libgweather-4-4.4.4-3.1-x86_64_v3 downloading...
 loupe-49.2-1.1-x86_64_v3 downloading...
 geocode-glib-2-3.26.4-4.2-x86_64 downloading...
 geocode-glib-common-3.26.4-4.2-x86_64 downloading...
checking keyring...
checking package integrity...
loading package files...
checking for file conflicts...
checking available disk space...
:: Running pre-transaction hooks...
(1/1) Performing snapper pre snapshots for the following configurations...
==> root: 74
:: Processing package changes...
installing geocode-glib-common...
installing geocode-glib-2...
installing libgweather-4...
installing loupe...
:: Running post-transaction hooks...
(1/5) Arming ConditionNeedsUpdate...
(2/5) Compiling GSettings XML schema files...
(3/5) Updating icon theme caches...
(4/5) Updating the desktop file MIME type cache...
(5/5) Performing snapper post snapshots for the following configurations...
==> root: 75
resolving dependencies...
looking for conflicting packages...

Package (2)                            New Version  Net Change  Download Size

cachyos-extra-v3/libgtop               2.41.3-2.1     1.27 MiB       0.19 MiB
cachyos-extra-v3/gnome-system-monitor  49.1-1.1       5.00 MiB       0.82 MiB

Total Download Size:   1.01 MiB
Total Installed Size:  6.27 MiB

:: Proceed with installation? [Y/n] 
:: Retrieving packages...
 gnome-system-monitor-49.1-1.1-x86_64_v3 downloading...
 libgtop-2.41.3-2.1-x86_64 downloading...
checking keyring...
checking package integrity...
loading package files...
checking for file conflicts...
checking available disk space...
:: Running pre-transaction hooks...
(1/1) Performing snapper pre snapshots for the following configurations...
==> root: 76
:: Processing package changes...
installing libgtop...
installing gnome-system-monitor...
:: Running post-transaction hooks...
(1/6) Arming ConditionNeedsUpdate...
(2/6) Compiling GSettings XML schema files...
(3/6) Updating icon theme caches...
(4/6) Updating the info directory file...
(5/6) Updating the desktop file MIME type cache...
(6/6) Performing snapper post snapshots for the following configurations...
==> root: 77
resolving dependencies...
looking for conflicting packages...

Package (1)                New Version  Net Change  Download Size

cachyos-extra-v3/mousepad  0.6.5-1.1      2.11 MiB       0.43 MiB

Total Download Size:   0.43 MiB
Total Installed Size:  2.11 MiB

:: Proceed with installation? [Y/n] 
:: Retrieving packages...
 mousepad-0.6.5-1.1-x86_64_v3 downloading...
checking keyring...
checking package integrity...
loading package files...
checking for file conflicts...
checking available disk space...
:: Running pre-transaction hooks...
(1/1) Performing snapper pre snapshots for the following configurations...
==> root: 78
:: Processing package changes...
installing mousepad...
Optional dependencies for mousepad
    gspell: spell checking plugin [installed]
    libxfce4ui: shortcuts editor plugin
:: Running post-transaction hooks...
(1/5) Arming ConditionNeedsUpdate...
(2/5) Compiling GSettings XML schema files...
(3/5) Updating icon theme caches...
(4/5) Updating the desktop file MIME type cache...
(5/5) Performing snapper post snapshots for the following configurations...
==> root: 79
resolving dependencies...
looking for conflicting packages...

Package (6)                   New Version                 Net Change  Download Size

cachyos-extra-v3/libsixel     1.10.5-1.1                    0.54 MiB       0.17 MiB
cachyos-extra-v3/libxpresent  1.0.2-1.1                     0.03 MiB       0.02 MiB
cachyos-extra-v3/luajit       2.1.1765228720+7152e15-1.1    1.02 MiB       0.41 MiB
cachyos-extra-v3/mujs         1.3.8-1.1                     1.11 MiB       0.29 MiB
cachyos-extra-v3/uchardet     0.0.8-3.1                     0.20 MiB       0.08 MiB
cachyos-extra-v3/mpv          1:0.41.0-2.1                  7.27 MiB       1.91 MiB

Total Download Size:    2.88 MiB
Total Installed Size:  10.17 MiB

:: Proceed with installation? [Y/n] 
:: Retrieving packages...
 mpv-1:0.41.0-2.1-x86_64_v3 downloading...
 luajit-2.1.1765228720+7152e15-1.1-x86_64_v3 downloading...
 mujs-1.3.8-1.1-x86_64_v3 downloading...
 libsixel-1.10.5-1.1-x86_64_v3 downloading...
 uchardet-0.0.8-3.1-x86_64 downloading...
 libxpresent-1.0.2-1.1-x86_64_v3 downloading...
checking keyring...
checking package integrity...
loading package files...
checking for file conflicts...
checking available disk space...
:: Running pre-transaction hooks...
(1/1) Performing snapper pre snapshots for the following configurations...
==> root: 80
:: Processing package changes...
installing libsixel...
installing libxpresent...
installing luajit...
installing mujs...
installing uchardet...
installing mpv...
Optional dependencies for mpv
    yt-dlp: for video-sharing websites playback
:: Running post-transaction hooks...
(1/4) Arming ConditionNeedsUpdate...
(2/4) Updating icon theme caches...
(3/4) Updating the desktop file MIME type cache...
(4/4) Performing snapper post snapshots for the following configurations...
==> root: 81
resolving dependencies...
looking for conflicting packages...

Package (1)                 New Version  Net Change  Download Size

cachyos-extra-v3/mpv-mpris  1.1-4.1        0.03 MiB       0.01 MiB

Total Download Size:   0.01 MiB
Total Installed Size:  0.03 MiB

:: Proceed with installation? [Y/n] 
:: Retrieving packages...
 mpv-mpris-1.1-4.1-x86_64_v3 downloading...
checking keyring...
checking package integrity...
loading package files...
checking for file conflicts...
checking available disk space...
:: Running pre-transaction hooks...
(1/1) Performing snapper pre snapshots for the following configurations...
==> root: 82
:: Processing package changes...
installing mpv-mpris...
:: Running post-transaction hooks...
(1/2) Arming ConditionNeedsUpdate...
(2/2) Performing snapper post snapshots for the following configurations...
==> root: 83
resolving dependencies...
looking for conflicting packages...

Package (1)             New Version  Net Change  Download Size

cachyos-extra-v3/nvtop  3.2.0-1.1      0.18 MiB       0.08 MiB

Total Download Size:   0.08 MiB
Total Installed Size:  0.18 MiB

:: Proceed with installation? [Y/n] 
:: Retrieving packages...
 nvtop-3.2.0-1.1-x86_64_v3 downloading...
checking keyring...
checking package integrity...
loading package files...
checking for file conflicts...
checking available disk space...
:: Running pre-transaction hooks...
(1/1) Performing snapper pre snapshots for the following configurations...
==> root: 84
:: Processing package changes...
installing nvtop...
:: Running post-transaction hooks...
(1/3) Arming ConditionNeedsUpdate...
(2/3) Updating the desktop file MIME type cache...
(3/3) Performing snapper post snapshots for the following configurations...
==> root: 85
resolving dependencies...
looking for conflicting packages...

Package (2)                New Version  Net Change  Download Size

cachyos-extra-v3/xcur2png  0.7.1-8.1      0.02 MiB       0.01 MiB
cachyos-extra-v3/nwg-look  1.0.6-1.1      4.35 MiB       1.23 MiB

Total Download Size:   1.24 MiB
Total Installed Size:  4.37 MiB

:: Proceed with installation? [Y/n] 
:: Retrieving packages...
 nwg-look-1.0.6-1.1-x86_64_v3 downloading...
 xcur2png-0.7.1-8.1-x86_64 downloading...
checking keyring...
checking package integrity...
loading package files...
checking for file conflicts...
checking available disk space...
:: Running pre-transaction hooks...
(1/1) Performing snapper pre snapshots for the following configurations...
==> root: 86
:: Processing package changes...
installing xcur2png...
installing nwg-look...
:: Running post-transaction hooks...
(1/3) Arming ConditionNeedsUpdate...
(2/3) Updating the desktop file MIME type cache...
(3/3) Performing snapper post snapshots for the following configurations...
==> root: 87
resolving dependencies...
looking for conflicting packages...

Package (4)         New Version  Net Change  Download Size

extra/python-i3ipc  2.2.1-8        0.34 MiB       0.06 MiB
extra/python-six    1.17.0-1       0.12 MiB       0.03 MiB
extra/python-xlib   0.33-4         2.04 MiB       0.28 MiB
extra/nwg-displays  0.3.26-1       0.28 MiB       0.06 MiB

Total Download Size:   0.42 MiB
Total Installed Size:  2.78 MiB

:: Proceed with installation? [Y/n] 
:: Retrieving packages...
 python-xlib-0.33-4-any downloading...
 python-i3ipc-2.2.1-8-any downloading...
 nwg-displays-0.3.26-1-any downloading...
 python-six-1.17.0-1-any downloading...
checking keyring...
checking package integrity...
loading package files...
checking for file conflicts...
checking available disk space...
:: Running pre-transaction hooks...
(1/1) Performing snapper pre snapshots for the following configurations...
==> root: 88
:: Processing package changes...
installing python-six...
installing python-xlib...
installing python-i3ipc...
installing nwg-displays...
:: Running post-transaction hooks...
(1/3) Arming ConditionNeedsUpdate...
(2/3) Updating the desktop file MIME type cache...
(3/3) Performing snapper post snapshots for the following configurations...
==> root: 89
resolving dependencies...
looking for conflicting packages...

Package (2)                     New Version  Net Change  Download Size

cachyos-extra-v3/libqalculate   5.8.2-1.1     16.07 MiB       3.13 MiB
cachyos-extra-v3/qalculate-gtk  5.8.2-1.1      7.17 MiB       2.73 MiB

Total Download Size:    5.86 MiB
Total Installed Size:  23.23 MiB

:: Proceed with installation? [Y/n] 
:: Retrieving packages...
 libqalculate-5.8.2-1.1-x86_64_v3 downloading...
 qalculate-gtk-5.8.2-1.1-x86_64_v3 downloading...
checking keyring...
checking package integrity...
loading package files...
checking for file conflicts...
checking available disk space...
:: Running pre-transaction hooks...
(1/1) Performing snapper pre snapshots for the following configurations...
==> root: 90
:: Processing package changes...
installing libqalculate...
Optional dependencies for libqalculate
    gnuplot: for plotting support
installing qalculate-gtk...
:: Running post-transaction hooks...
(1/4) Arming ConditionNeedsUpdate...
(2/4) Updating icon theme caches...
(3/4) Updating the desktop file MIME type cache...
(4/4) Performing snapper post snapshots for the following configurations...
==> root: 91
resolving dependencies...
looking for conflicting packages...

Package (2)           New Version   Net Change  Download Size

extra/python-certifi  2025.11.12-1    0.01 MiB       0.01 MiB
extra/yt-dlp          2025.12.08-1   31.83 MiB       4.98 MiB

Total Download Size:    4.99 MiB
Total Installed Size:  31.84 MiB

:: Proceed with installation? [Y/n] 
:: Retrieving packages...
 yt-dlp-2025.12.08-1-any downloading...
 python-certifi-2025.11.12-1-any downloading...
checking keyring...
checking package integrity...
loading package files...
checking for file conflicts...
checking available disk space...
:: Running pre-transaction hooks...
(1/1) Performing snapper pre snapshots for the following configurations...
==> root: 92
:: Processing package changes...
installing python-certifi...
installing yt-dlp...
Optional dependencies for yt-dlp
    ffmpeg: for video post-processing [installed]
    rtmpdump: for rtmp streams support [installed]
    atomicparsley: for embedding thumbnails into m4a files
    aria2: for using aria2 as external downloader
    python-mutagen: for embedding thumbnail in certain formats
    python-pycryptodome: for decrypting AES-128 HLS streams and various other data
    python-pycryptodomex: for decrypting AES-128 HLS streams and various other data
    python-websockets: for downloading over websocket
    python-brotli: brotli content encoding support
    python-brotlicffi: brotli content encoding support
    python-xattr: for writing xattr metadata
    python-pyxattr: for writing xattr metadata (alternative option)
    phantomjs: for extractors with javascript code
    python-secretstorage: For -cookies-from-browser to access the GNOME keyring while decrypting cookies of Chromium-based browsers
    yt-dlp-ejs: non-deprecated YouTube support
:: Running post-transaction hooks...
(1/2) Arming ConditionNeedsUpdate...
(2/2) Performing snapper post snapshots for the following configurations...
==> root: 93
